
2019-06-22-main-INFO -root      :Category details deleted successfully:
2019-06-24-main-INFO -root      :Category details deleted successfully:
2019-06-24-main-INFO -root      :Listing is done
2019-06-24-main-INFO -root      :Listing is done
2019-06-24-main-INFO -root      :Listing is done
2019-06-24-main-INFO -root      :New Category is created
2019-06-24-main-INFO -root      :Category details deleted successfully:
2019-06-24-main-INFO -root      :Listing is done
2019-06-24-main-INFO -root      :Accessing the Email
2019-06-24-main-INFO -root      :Password is correct
2019-06-24-main-INFO -root      :Accessing the Email
2019-06-24-main-INFO -root      :Accessing the Email
2019-06-24-main-INFO -root      :Accessing the Email
2019-06-24-main-INFO -root      :Password is correct
2019-06-24-main-INFO -root      :Password is correct
2019-06-24-main-INFO -root      :Editng is done
2019-06-24-main-ERROR-root      :error while creating a category 
2019-06-24-main-ERROR-root      :error while creating a category 
2019-06-24-main-ERROR-root      :error while creating a category 
2019-06-24-main-ERROR-root      :error while creating a category 
2019-06-24-main-ERROR-root      :error while creating a category 
2019-06-24-main-ERROR-root      :error while creating a category 
2019-06-24-main-ERROR-root      :error while creating a category 
2019-06-24-main-ERROR-root      :error while creating a category 
2019-06-24-main-ERROR-root      :error while creating a category 
2019-06-24-main-INFO -root      :New Category is created
2019-06-24-main-ERROR-root      :error while creating a category 
2019-06-24-main-ERROR-root      :error while creating a category 
2019-06-24-main-ERROR-root      :error while creating a category 
2019-06-24-main-ERROR-root      :error while creating a category 
2019-06-24-main-ERROR-root      :error while creating a category 
2019-06-24-main-INFO -root      :Accessing the Email
2019-06-24-main-INFO -root      :Accessing the Email
2019-06-24-main-INFO -root      :Password is correct
2019-06-24-main-INFO -root      :Password is correct
2019-06-24-main-INFO -root      :Category details deleted successfully:
2019-06-24-main-ERROR-root      :error while creating a category 
2019-06-24-main-ERROR-root      :error while creating a category 
2019-06-24-main-INFO -root      :Listing is done
2019-06-24-main-INFO -root      :Listing is done
2019-06-24-main-INFO -root      :Listing is done
2019-06-24-main-INFO -root      :Listing is done
2019-06-24-main-INFO -root      :Accessing the Email
2019-06-24-main-INFO -root      :Listing is done
2019-06-24-main-ERROR-root      :error while creating a category 
2019-06-24-main-INFO -root      :Accessing the Email
2019-06-24-main-INFO -root      :Listing is done
2019-06-24-main-ERROR-root      :error while creating a category 
2019-06-24-main-INFO -root      :Accessing the Email
2019-06-24-main-INFO -root      :Password is correct
2019-06-24-main-INFO -root      :Listing is done
2019-06-24-main-ERROR-root      :error while creating a category 
2019-06-24-main-INFO -root      :Accessing the Email
2019-06-24-main-INFO -root      :Password is correct
2019-06-24-main-INFO -root      :Listing is done
2019-06-24-main-ERROR-root      :error while creating a category 
2019-06-24-main-INFO -root      :Accessing the Email
2019-06-24-main-INFO -root      :Password is correct
2019-06-24-main-INFO -root      :Listing is done
2019-06-24-main-ERROR-root      :error while creating a category 
2019-06-24-main-INFO -root      :Accessing the Email
2019-06-24-main-INFO -root      :Password is correct
2019-06-24-main-INFO -root      :Listing is done
2019-06-24-main-ERROR-root      :error while creating a category 
2019-06-24-main-INFO -root      :Accessing the Email
2019-06-24-main-INFO -root      :Password is correct
2019-06-24-main-INFO -root      :Listing is done
2019-06-24-main-ERROR-root      :error while creating a category 
2019-06-24-main-INFO -root      :Accessing the Email
2019-06-24-main-INFO -root      :Password is correct
2019-06-24-main-INFO -root      :Listing is done
2019-06-24-main-ERROR-root      :error while creating a category 
2019-06-24-main-INFO -root      :Accessing the Email
2019-06-24-main-INFO -root      :Password is correct
2019-06-24-main-INFO -root      :Listing is done
2019-06-24-main-INFO -root      :Editing is done
2019-06-24-main-ERROR-root      :error while creating a category 
2019-06-24-main-INFO -root      :Accessing the Email
2019-06-24-main-INFO -root      :Password is correct
2019-06-24-main-INFO -root      :Listing is done
2019-06-24-main-INFO -root      :Editing is done
2019-06-24-main-ERROR-root      :error while creating a category 
2019-06-24-main-INFO -root      :Accessing the Email
2019-06-24-main-INFO -root      :Password is correct
2019-06-24-main-INFO -root      :Listing is done
2019-06-24-main-INFO -root      :Editing is done
2019-06-24-main-ERROR-root      :error while creating a category 
2019-06-24-main-INFO -root      :Accessing the Email
2019-06-24-main-INFO -root      :Password is correct
2019-06-24-main-INFO -root      :Listing is done
2019-06-24-main-INFO -root      :Editing is done
2019-06-24-main-ERROR-root      :error while creating a category 
2019-06-24-main-INFO -root      :Accessing the Email
2019-06-24-main-INFO -root      :Password is correct
2019-06-24-main-INFO -root      :Listing is done
2019-06-24-main-INFO -root      :Editing is done
2019-06-24-main-ERROR-root      :error while creating a category 
2019-06-24-main-INFO -root      :Accessing the Email
2019-06-24-main-INFO -root      :Password is correct
2019-06-24-main-INFO -root      :Accessing the Email
2019-06-24-main-INFO -root      :Password is correct
2019-06-24-main-INFO -root      :Editing is done
2019-06-24-main-INFO -root      :Accessing the Email
2019-06-24-main-INFO -root      :Password is correct
2019-06-24-main-INFO -root      :Listing is done
2019-06-24-main-INFO -root      :Accessing the Email
2019-06-24-main-INFO -root      :Password is correct
2019-06-24-main-INFO -root      :Password is correct
2019-06-24-main-INFO -root      :Password is correct
2019-06-24-main-INFO -root      :Password is correct
2019-06-24-main-INFO -root      :Accessing the Email
2019-06-24-main-INFO -root      :Password is correct
2019-06-24-main-INFO -root      :Password is correct
2019-06-24-main-INFO -root      :Accessing the Email
2019-06-24-main-INFO -root      :Password is correct
2019-06-24-main-INFO -root      :Accessing the Email
2019-06-24-main-INFO -root      :Password is correct
2019-06-24-main-INFO -root      :Editing is done
2019-06-24-main-INFO -root      :Editing is done
2019-06-24-main-INFO -root      :Editing is done
2019-06-24-main-INFO -root      :Editing is done
2019-06-25-main-INFO -root      :Accessing the Email
2019-06-25-main-INFO -root      :Accessing the Email
2019-06-25-main-INFO -root      :Accessing the Email
2019-06-25-main-INFO -root      :Password is correct
2019-06-25-main-INFO -root      :Password is correct
2019-06-25-main-INFO -root      :Listing is done
2019-06-25-main-INFO -root      :Accessing the Email
2019-06-25-main-INFO -root      :Password is correct
2019-06-25-main-INFO -root      :Password is correct
2019-06-25-main-INFO -root      :Accessing the Email
2019-06-25-main-INFO -root      :Accessing the Email
2019-06-25-main-INFO -root      :Accessing the Email
2019-06-25-main-INFO -root      :Accessing the Email
2019-06-25-main-INFO -root      :Password is correct
2019-06-25-main-INFO -root      :Password is correct
2019-06-25-main-INFO -root      :Accessing the Email
2019-06-25-main-INFO -root      :Accessing the Email
2019-06-25-main-INFO -root      :Password is correct
2019-06-25-main-INFO -root      :Accessing the Email
2019-06-25-main-INFO -root      :Password is correct
2019-06-25-main-INFO -root      :Accessing the Email
2019-06-25-main-INFO -root      :Password is correct
2019-06-25-main-INFO -root      :Accessing the Email
2019-06-25-main-INFO -root      :Password is correct
2019-06-25-main-INFO -root      :Listing is done
2019-06-25-main-INFO -root      :Accessing the Email
2019-06-25-main-INFO -root      :Accessing the Email
2019-06-25-main-INFO -root      :Accessing the Email
2019-06-25-main-INFO -root      :Accessing the Email
2019-06-25-main-INFO -root      :Accessing the Email
2019-06-25-main-INFO -root      :Accessing the Email
2019-06-25-main-INFO -root      :Password is correct
2019-06-25-main-INFO -root      :Password is correct
2019-06-25-main-INFO -root      :Accessing the Email
2019-06-25-main-INFO -root      :Password is correct
2019-06-25-main-INFO -root      :New Category is created
2019-06-25-main-INFO -root      :Editing is done
2019-06-25-main-INFO -root      :Accessing the Email
2019-06-25-main-INFO -root      :Password is correct
2019-06-25-main-INFO -root      :Category details deleted successfully:
2019-06-25-main-INFO -root      :Listing is done
2019-06-25-main-INFO -root      :Editing is done
2019-06-25-main-INFO -root      :New Category is created
2019-06-25-main-INFO -root      :Accessing the Email
2019-06-25-main-INFO -root      :Password is correct
2019-06-25-main-INFO -root      :Listing is done
2019-06-25-main-INFO -root      :Editing is done
2019-06-25-main-ERROR-root      :error while creating a category 
2019-06-25-main-INFO -root      :Accessing the Email
2019-06-25-main-INFO -root      :Password is correct
2019-06-25-main-INFO -root      :Listing is done
2019-06-25-main-INFO -root      :Editing is done
2019-06-25-main-ERROR-root      :error while creating a category 
2019-06-25-main-INFO -root      :Accessing the Email
2019-06-25-main-INFO -root      :Password is correct
2019-06-25-main-INFO -root      :Listing is done
2019-06-25-main-INFO -root      :Editing is done
2019-06-25-main-ERROR-root      :error while creating a category 
2019-06-25-main-INFO -root      :Accessing the Email
2019-06-25-main-INFO -root      :Password is correct
2019-06-25-main-INFO -root      :Listing is done
2019-06-25-main-INFO -root      :Editing is done
2019-06-25-main-ERROR-root      :error while creating a category 
2019-06-25-main-INFO -root      :Accessing the Email
2019-06-25-main-INFO -root      :Password is correct
2019-06-25-main-INFO -root      :Accessing the Email
2019-06-25-main-INFO -root      :Password is correct
2019-06-25-main-INFO -root      :Listing is done
2019-06-25-main-INFO -root      :Accessing the Email
2019-06-25-main-INFO -root      :Accessing the Email
2019-06-25-main-INFO -root      :Accessing the Email
2019-06-25-main-INFO -root      :Password is correct
